[49] Log opened at 2024-04-19 03:08:54.617154
[49] [Config] INFO: Control socket set up succesfully: '@xdebug-ctrl.49'
[49] [Step Debug] INFO: Checking for client discovery headers: 'HTTP_X_FORWARDED_FOR,REMOTE_ADDR'.
[49] [Step Debug] INFO: Checking header 'HTTP_X_FORWARDED_FOR'.
[49] [Step Debug] INFO: Checking header 'REMOTE_ADDR'.
[49] [Step Debug] WARN: Could not discover client host through HTTP headers, connecting to configured address/port: host.docker.internal:9012.
[49] [Step Debug] WARN: Creating socket for 'host.docker.internal:9012', poll success, but error: Operation now in progress (29).
[49] [Step Debug] ERR: Could not connect to debugging client. Tried: host.docker.internal:9012 (fallback through xdebug.client_host/xdebug.client_port).
[49] [Step Debug] INFO: Checking for client discovery headers: 'HTTP_X_FORWARDED_FOR,REMOTE_ADDR'.
[49] [Step Debug] INFO: Checking header 'HTTP_X_FORWARDED_FOR'.
[49] [Step Debug] INFO: Checking header 'REMOTE_ADDR'.
[49] [Step Debug] WARN: Could not discover client host through HTTP headers, connecting to configured address/port: host.docker.internal:9012.
[49] [Step Debug] WARN: Creating socket for 'host.docker.internal:9012', poll success, but error: Operation now in progress (29).
[49] [Step Debug] ERR: Could not connect to debugging client. Tried: host.docker.internal:9012 (fallback through xdebug.client_host/xdebug.client_port).
[49] Log closed at 2024-04-19 03:08:58.097821

[53] Log opened at 2024-04-19 03:09:17.452769
[53] [Config] INFO: Control socket set up succesfully: '@xdebug-ctrl.53'
[53] [Step Debug] INFO: Checking for client discovery headers: 'HTTP_X_FORWARDED_FOR,REMOTE_ADDR'.
[53] [Step Debug] INFO: Checking header 'HTTP_X_FORWARDED_FOR'.
[53] [Step Debug] INFO: Checking header 'REMOTE_ADDR'.
[53] [Step Debug] WARN: Could not discover client host through HTTP headers, connecting to configured address/port: host.docker.internal:9012.
[53] [Step Debug] WARN: Creating socket for 'host.docker.internal:9012', poll success, but error: Operation now in progress (29).
[53] [Step Debug] ERR: Could not connect to debugging client. Tried: host.docker.internal:9012 (fallback through xdebug.client_host/xdebug.client_port).
[53] [Step Debug] INFO: Checking for client discovery headers: 'HTTP_X_FORWARDED_FOR,REMOTE_ADDR'.
[53] [Step Debug] INFO: Checking header 'HTTP_X_FORWARDED_FOR'.
[53] [Step Debug] INFO: Checking header 'REMOTE_ADDR'.
[53] [Step Debug] WARN: Could not discover client host through HTTP headers, connecting to configured address/port: host.docker.internal:9012.
[53] [Step Debug] WARN: Creating socket for 'host.docker.internal:9012', poll success, but error: Operation now in progress (29).
[53] [Step Debug] ERR: Could not connect to debugging client. Tried: host.docker.internal:9012 (fallback through xdebug.client_host/xdebug.client_port).
[53] Log closed at 2024-04-19 03:09:17.657728

